#
# A fatal error has been detected by the Java Runtime Environment:
#
#  EXCEPTION_ACCESS_VIOLATION (0xc0000005) at pc=0x000000006b5f56d0, pid=7912, tid=3060
#
# JRE version: Java(TM) SE Runtime Environment (8.0_51-b16) (build 1.8.0_51-b16)
# Java VM: Java HotSpot(TM) 64-Bit Server VM (25.51-b03 mixed mode windows-amd64 compressed oops)
# Problematic frame:
# C  [nvoglv64.DLL+0xb156d0]
#
# Failed to write core dump. Minidumps are not enabled by default on client versions of Windows
#
# If you would like to submit a bug report, please visit:
#   http://bugreport.java.com/bugreport/crash.jsp
# The crash happened outside the Java Virtual Machine in native code.
# See problematic frame for where to report the bug.
#

---------------  T H R E A D  ---------------

Current thread (0x000000001f2a3800):  JavaThread "Thread-2" [_thread_in_native, id=3060, stack(0x0000000026ae0000,0x0000000026be0000)]

siginfo: ExceptionCode=0xc0000005, reading address 0x0000000000000000

Registers:
RAX=0x0000000027b68901, RBX=0x00000000279f87a0, RCX=0x0000000000000000, RDX=0x0000000026bdc620
RSP=0x0000000026bdc590, RBP=0x000000000000001d, RSI=0x0000000000000000, RDI=0x000000002782d180
R8 =0x0000000026bdc600, R9 =0x0000000000000001, R10=0x0000000000000000, R11=0x0000000026bdc400
R12=0x0000000000000001, R13=0x0000000000000000, R14=0x0000000026bdc620, R15=0x0000000000000001
RIP=0x000000006b5f56d0, EFLAGS=0x0000000000010283

Top of Stack: (sp=0x0000000026bdc590)
0x0000000026bdc590:   000000002782c570 000000006b5b2c2e
0x0000000026bdc5a0:   00000000275e4ce0 00000000275e4ce0
0x0000000026bdc5b0:   0000000027100000 0000000000000000
0x0000000026bdc5c0:   0000000000000002 000000006b6bb916
0x0000000026bdc5d0:   0000000000000000 00000000275e4c01
0x0000000026bdc5e0:   00000000275e4ce0 000000000000001d
0x0000000026bdc5f0:   00000006c1a19a00 42338dd141a749a9
0x0000000026bdc600:   4233000000000001 0000000000000000
0x0000000026bdc610:   000000002782c570 0000000000000000
0x0000000026bdc620:   000000002782c570 c1a0000142094563
0x0000000026bdc630:   41a00000c0131edb 0000000700000001
0x0000000026bdc640:   000000002482a000 000000006b603af1
0x0000000026bdc650:   0000000000000000 0000000024820000
0x0000000026bdc660:   00000000bf800000 3f80000000000000
0x0000000026bdc670:   00000000000000dd 0000000000000000
0x0000000026bdc680:   0000000000141000 000000076bd81750 

Instructions: (pc=0x000000006b5f56d0)
0x000000006b5f56b0:   48 89 4c 24 08 56 48 83 ec 30 48 3b 0d b7 54 99
0x000000006b5f56c0:   00 b0 01 48 8b f1 88 44 24 48 0f 84 f9 01 00 00
0x000000006b5f56d0:   48 8b 09 e8 98 6b 00 00 84 c0 0f 84 e9 01 00 00
0x000000006b5f56e0:   8b 46 78 48 89 5c 24 58 48 89 7c 24 20 85 c0 74 


Register to memory mapping:

RAX=0x0000000027b68901 is an unknown value
RBX=0x00000000279f87a0 is an unknown value
RCX=0x0000000000000000 is an unknown value
RDX=0x0000000026bdc620 is pointing into the stack for thread: 0x000000001f2a3800
RSP=0x0000000026bdc590 is pointing into the stack for thread: 0x000000001f2a3800
RBP=0x000000000000001d is an unknown value
RSI=0x0000000000000000 is an unknown value
RDI=0x000000002782d180 is an unknown value
R8 =0x0000000026bdc600 is pointing into the stack for thread: 0x000000001f2a3800
R9 =0x0000000000000001 is an unknown value
R10=0x0000000000000000 is an unknown value
R11=0x0000000026bdc400 is pointing into the stack for thread: 0x000000001f2a3800
R12=0x0000000000000001 is an unknown value
R13=0x0000000000000000 is an unknown value
R14=0x0000000026bdc620 is pointing into the stack for thread: 0x000000001f2a3800
R15=0x0000000000000001 is an unknown value


Stack: [0x0000000026ae0000,0x0000000026be0000],  sp=0x0000000026bdc590,  free space=1009k
Native frames: (J=compiled Java code, j=interpreted, Vv=VM code, C=native code)
C  [nvoglv64.DLL+0xb156d0]
C  [nvoglv64.DLL+0xbdb916]
C  [nvoglv64.DLL+0xa57cb8]
C  [nvoglv64.DLL+0xa590ba]
C  [nvoglv64.DLL+0xa58eb0]
C  [nvoglv64.DLL+0xa594f0]
C  [nvoglv64.DLL+0xa6c26f]
C  [nvoglv64.DLL+0xa6dce6]
C  [nvoglv64.DLL+0x8598dd]
C  [nvoglv64.DLL+0x82e545]
C  [nvoglv64.DLL+0x82e4b9]
C  [nvoglv64.DLL+0x82e6d3]
C  [nvoglv64.DLL+0x82f5ff]
C  [nvoglv64.DLL+0x8300e6]
C  [nvoglv64.DLL+0x82fd81]
C  [nvoglv64.DLL+0x9f0328]
C  [nvoglv64.DLL+0x8b1f3f]
C  [nvoglv64.DLL+0x8b4420]
C  [nvoglv64.DLL+0x8b2b4d]
C  [nvoglv64.DLL+0x8b66d1]
C  0x0000000002e7fb54

Java frames: (J=compiled Java code, j=interpreted, Vv=VM code)
J 2343  org.lwjgl.opengl.GL11.nglDrawElementsBO(IIIJJ)V (0 bytes) @ 0x0000000002e7fad6 [0x0000000002e7fa80+0x56]
J 2725 C2 org.lwjgl.opengl.GL11.glDrawElements(IIIJ)V (35 bytes) @ 0x00000000030a4918 [0x00000000030a4820+0xf8]
J 2663 C2 de.projectsc.client.gui.render.MasterRenderer.renderScene(Lde/projectsc/client/gui/terrain/TerrainModel;Ljava/util/List;Lde/projectsc/client/gui/objects/Camera;JLorg/lwjgl/util/vector/Vector4f;)V (193 bytes) @ 0x000000000302510c [0x0000000003022500+0x2c0c]
J 2737% C2 de.projectsc.editor.Editor3DCore.gameLoop()V (270 bytes) @ 0x00000000030bb134 [0x00000000030bacc0+0x474]
j  de.projectsc.editor.Editor3DCore.run()V+104
j  java.lang.Thread.run()V+11
v  ~StubRoutines::call_stub

---------------  P R O C E S S  ---------------

Java Threads: ( => current thread )
  0x0000000028399000 JavaThread "Swing-Shell" daemon [_thread_blocked, id=5828, stack(0x000000002bd90000,0x000000002be90000)]
  0x0000000027ec1800 JavaThread "LWJGL Timer" daemon [_thread_blocked, id=9488, stack(0x000000002b480000,0x000000002b580000)]
  0x000000001f2b7000 JavaThread "D3D Screen Updater" daemon [_thread_blocked, id=6476, stack(0x0000000026c80000,0x0000000026d80000)]
=>0x000000001f2a3800 JavaThread "Thread-2" [_thread_in_native, id=3060, stack(0x0000000026ae0000,0x0000000026be0000)]
  0x000000001f200800 JavaThread "TimerQueue" daemon [_thread_blocked, id=5044, stack(0x00000000261e0000,0x00000000262e0000)]
  0x000000000246e000 JavaThread "DestroyJavaVM" [_thread_blocked, id=4544, stack(0x00000000024f0000,0x00000000025f0000)]
  0x000000001eff6000 JavaThread "AWT-EventQueue-0" [_thread_blocked, id=6724, stack(0x000000001fee0000,0x000000001ffe0000)]
  0x000000001eff5000 JavaThread "AWT-Windows" daemon [_thread_in_native, id=7296, stack(0x000000001f860000,0x000000001f960000)]
  0x000000001efaa000 JavaThread "AWT-Shutdown" [_thread_blocked, id=9292, stack(0x000000001f760000,0x000000001f860000)]
  0x000000001efa7800 JavaThread "Java2D Disposer" daemon [_thread_blocked, id=6404, stack(0x000000001f660000,0x000000001f760000)]
  0x000000001e219800 JavaThread "Service Thread" daemon [_thread_blocked, id=6184, stack(0x000000001eb50000,0x000000001ec50000)]
  0x000000001e192800 JavaThread "C1 CompilerThread3" daemon [_thread_blocked, id=4640, stack(0x000000001ea50000,0x000000001eb50000)]
  0x000000001e18f800 JavaThread "C2 CompilerThread2" daemon [_thread_blocked, id=7204, stack(0x000000001e950000,0x000000001ea50000)]
  0x000000001e17d000 JavaThread "C2 CompilerThread1" daemon [_thread_blocked, id=6008, stack(0x000000001e850000,0x000000001e950000)]
  0x000000001e178000 JavaThread "C2 CompilerThread0" daemon [_thread_blocked, id=3556, stack(0x000000001e750000,0x000000001e850000)]
  0x000000001e177000 JavaThread "Attach Listener" daemon [_thread_blocked, id=1252, stack(0x000000001e650000,0x000000001e750000)]
  0x000000001e176000 JavaThread "Signal Dispatcher" daemon [_thread_blocked, id=8100, stack(0x000000001e550000,0x000000001e650000)]
  0x00000000026eb000 JavaThread "Finalizer" daemon [_thread_blocked, id=5588, stack(0x000000001e050000,0x000000001e150000)]
  0x000000001c16d800 JavaThread "Reference Handler" daemon [_thread_blocked, id=8704, stack(0x000000001df50000,0x000000001e050000)]

Other Threads:
  0x000000001c168800 VMThread [stack: 0x000000001de50000,0x000000001df50000] [id=3780]
  0x000000001e21a800 WatcherThread [stack: 0x000000001ec50000,0x000000001ed50000] [id=4920]

VM state:not at safepoint (normal execution)

VM Mutex/Monitor currently owned by a thread: None

Heap:
 PSYoungGen      total 31744K, used 13890K [0x000000076b380000, 0x000000076d380000, 0x00000007c0000000)
  eden space 31232K, 43% used [0x000000076b380000,0x000000076c0e0b30,0x000000076d200000)
  from space 512K, 37% used [0x000000076d280000,0x000000076d2b0000,0x000000076d300000)
  to   space 512K, 0% used [0x000000076d300000,0x000000076d300000,0x000000076d380000)
 ParOldGen       total 175104K, used 5878K [0x00000006c1a00000, 0x00000006cc500000, 0x000000076b380000)
  object space 175104K, 3% used [0x00000006c1a00000,0x00000006c1fbd8e8,0x00000006cc500000)
 Metaspace       used 20155K, capacity 20423K, committed 20736K, reserved 1067008K
  class space    used 2468K, capacity 2544K, committed 2560K, reserved 1048576K

Card table byte_map: [0x0000000011ab0000,0x00000000122b0000] byte_map_base: 0x000000000e4a3000

Marking Bits: (ParMarkBitMap*) 0x000000006e6f4040
 Begin Bits: [0x0000000013000000, 0x0000000016f98000)
 End Bits:   [0x0000000016f98000, 0x000000001af30000)

Polling page: 0x0000000000cd0000

CodeCache: size=245760Kb used=9357Kb max_used=10006Kb free=236402Kb
 bounds [0x00000000026f0000, 0x00000000030d0000, 0x00000000116f0000]
 total_blobs=3240 nmethods=2552 adapters=600
 compilation: enabled

Compilation events (10 events):
Event: 491.169 Thread 0x000000001e178000 2743       4       sun.java2d.StateTrackableDelegate$1::isCurrent (17 bytes)
Event: 491.169 Thread 0x000000001e178000 nmethod 2743 0x00000000027f1a90 code [0x00000000027f1bc0, 0x00000000027f1c58]
Event: 500.884 Thread 0x000000001e18f800 2744       4       sun.java2d.d3d.D3DSurfaceData$D3DWindowSurfaceData::isDirty (18 bytes)
Event: 500.885 Thread 0x000000001e18f800 nmethod 2744 0x0000000003049390 code [0x00000000030494e0, 0x0000000003049598]
Event: 545.393 Thread 0x000000001e192800 2745 % !   3       java.lang.ref.Reference$ReferenceHandler::run @ 0 (102 bytes)
Event: 545.395 Thread 0x000000001e192800 nmethod 2745% 0x0000000002828750 code [0x00000000028289c0, 0x00000000028298d8]
Event: 564.941 Thread 0x000000001e192800 2746   !   3       java.lang.ref.Reference$ReferenceHandler::run (102 bytes)
Event: 564.943 Thread 0x000000001e192800 nmethod 2746 0x0000000002845110 code [0x0000000002845360, 0x0000000002846258]
Event: 1011.644 Thread 0x000000001e178000 2747 % !   4       java.lang.ref.Reference$ReferenceHandler::run @ 0 (102 bytes)
Event: 1011.653 Thread 0x000000001e178000 nmethod 2747% 0x00000000028da5d0 code [0x00000000028da780, 0x00000000028db338]

GC Heap History (10 events):
Event: 1479.914 GC heap before
{Heap before GC invocations=65 (full 0):
 PSYoungGen      total 32256K, used 31456K [0x000000076b380000, 0x000000076d400000, 0x00000007c0000000)
  eden space 31232K, 100% used [0x000000076b380000,0x000000076d200000,0x000000076d200000)
  from space 1024K, 21% used [0x000000076d300000,0x000000076d338000,0x000000076d400000)
  to   space 1024K, 0% used [0x000000076d200000,0x000000076d200000,0x000000076d300000)
 ParOldGen       total 175104K, used 5878K [0x00000006c1a00000, 0x00000006cc500000, 0x000000076b380000)
  object space 175104K, 3% used [0x00000006c1a00000,0x00000006c1fbd8e8,0x00000006cc500000)
 Metaspace       used 20145K, capacity 20423K, committed 20736K, reserved 1067008K
  class space    used 2467K, capacity 2544K, committed 2560K, reserved 1048576K
Event: 1479.915 GC heap after
Heap after GC invocations=65 (full 0):
 PSYoungGen      total 32256K, used 256K [0x000000076b380000, 0x000000076d380000, 0x00000007c0000000)
  eden space 31232K, 0% used [0x000000076b380000,0x000000076b380000,0x000000076d200000)
  from space 1024K, 25% used [0x000000076d200000,0x000000076d240000,0x000000076d300000)
  to   space 512K, 0% used [0x000000076d300000,0x000000076d300000,0x000000076d380000)
 ParOldGen       total 175104K, used 5878K [0x00000006c1a00000, 0x00000006cc500000, 0x000000076b380000)
  object space 175104K, 3% used [0x00000006c1a00000,0x00000006c1fbd8e8,0x00000006cc500000)
 Metaspace       used 20145K, capacity 20423K, committed 20736K, reserved 1067008K
  class space    used 2467K, capacity 2544K, committed 2560K, reserved 1048576K
}
Event: 1493.126 GC heap before
{Heap before GC invocations=66 (full 0):
 PSYoungGen      total 32256K, used 31488K [0x000000076b380000, 0x000000076d380000, 0x00000007c0000000)
  eden space 31232K, 100% used [0x000000076b380000,0x000000076d200000,0x000000076d200000)
  from space 1024K, 25% used [0x000000076d200000,0x000000076d240000,0x000000076d300000)
  to   space 512K, 0% used [0x000000076d300000,0x000000076d300000,0x000000076d380000)
 ParOldGen       total 175104K, used 5878K [0x00000006c1a00000, 0x00000006cc500000, 0x000000076b380000)
  object space 175104K, 3% used [0x00000006c1a00000,0x00000006c1fbd8e8,0x00000006cc500000)
 Metaspace       used 20145K, capacity 20423K, committed 20736K, reserved 1067008K
  class space    used 2467K, capacity 2544K, committed 2560K, reserved 1048576K
Event: 1493.128 GC heap after
Heap after GC invocations=66 (full 0):
 PSYoungGen      total 31744K, used 192K [0x000000076b380000, 0x000000076d380000, 0x00000007c0000000)
  eden space 31232K, 0% used [0x000000076b380000,0x000000076b380000,0x000000076d200000)
  from space 512K, 37% used [0x000000076d300000,0x000000076d330000,0x000000076d380000)
  to   space 512K, 0% used [0x000000076d280000,0x000000076d280000,0x000000076d300000)
 ParOldGen       total 175104K, used 5878K [0x00000006c1a00000, 0x00000006cc500000, 0x000000076b380000)
  object space 175104K, 3% used [0x00000006c1a00000,0x00000006c1fbd8e8,0x00000006cc500000)
 Metaspace       used 20145K, capacity 20423K, committed 20736K, reserved 1067008K
  class space    used 2467K, capacity 2544K, committed 2560K, reserved 1048576K
}
Event: 1508.599 GC heap before
{Heap before GC invocations=67 (full 0):
 PSYoungGen      total 31744K, used 31424K [0x000000076b380000, 0x000000076d380000, 0x00000007c0000000)
  eden space 31232K, 100% used [0x000000076b380000,0x000000076d200000,0x000000076d200000)
  from space 512K, 37% used [0x000000076d300000,0x000000076d330000,0x000000076d380000)
  to   space 512K, 0% used [0x000000076d280000,0x000000076d280000,0x000000076d300000)
 ParOldGen       total 175104K, used 5878K [0x00000006c1a00000, 0x00000006cc500000, 0x000000076b380000)
  object space 175104K, 3% used [0x00000006c1a00000,0x00000006c1fbd8e8,0x00000006cc500000)
 Metaspace       used 20145K, capacity 20423K, committed 20736K, reserved 1067008K
  class space    used 2467K, capacity 2544K, committed 2560K, reserved 1048576K
Event: 1508.601 GC heap after
Heap after GC invocations=67 (full 0):
 PSYoungGen      total 31744K, used 192K [0x000000076b380000, 0x000000076d380000, 0x00000007c0000000)
  eden space 31232K, 0% used [0x000000076b380000,0x000000076b380000,0x000000076d200000)
  from space 512K, 37% used [0x000000076d280000,0x000000076d2b0000,0x000000076d300000)
  to   space 512K, 0% used [0x000000076d300000,0x000000076d300000,0x000000076d380000)
 ParOldGen       total 175104K, used 5878K [0x00000006c1a00000, 0x00000006cc500000, 0x000000076b380000)
  object space 175104K, 3% used [0x00000006c1a00000,0x00000006c1fbd8e8,0x00000006cc500000)
 Metaspace       used 20145K, capacity 20423K, committed 20736K, reserved 1067008K
  class space    used 2467K, capacity 2544K, committed 2560K, reserved 1048576K
}
Event: 1527.134 GC heap before
{Heap before GC invocations=68 (full 0):
 PSYoungGen      total 31744K, used 31424K [0x000000076b380000, 0x000000076d380000, 0x00000007c0000000)
  eden space 31232K, 100% used [0x000000076b380000,0x000000076d200000,0x000000076d200000)
  from space 512K, 37% used [0x000000076d280000,0x000000076d2b0000,0x000000076d300000)
  to   space 512K, 0% used [0x000000076d300000,0x000000076d300000,0x000000076d380000)
 ParOldGen       total 175104K, used 5878K [0x00000006c1a00000, 0x00000006cc500000, 0x000000076b380000)
  object space 175104K, 3% used [0x00000006c1a00000,0x00000006c1fbd8e8,0x00000006cc500000)
 Metaspace       used 20145K, capacity 20423K, committed 20736K, reserved 1067008K
  class space    used 2467K, capacity 2544K, committed 2560K, reserved 1048576K
Event: 1527.135 GC heap after
Heap after GC invocations=68 (full 0):
 PSYoungGen      total 31744K, used 256K [0x000000076b380000, 0x000000076d380000, 0x00000007c0000000)
  eden space 31232K, 0% used [0x000000076b380000,0x000000076b380000,0x000000076d200000)
  from space 512K, 50% used [0x000000076d300000,0x000000076d340000,0x000000076d380000)
  to   space 512K, 0% used [0x000000076d280000,0x000000076d280000,0x000000076d300000)
 ParOldGen       total 175104K, used 5878K [0x00000006c1a00000, 0x00000006cc500000, 0x000000076b380000)
  object space 175104K, 3% used [0x00000006c1a00000,0x00000006c1fbd8e8,0x00000006cc500000)
 Metaspace       used 20145K, capacity 20423K, committed 20736K, reserved 1067008K
  class space    used 2467K, capacity 2544K, committed 2560K, reserved 1048576K
}
Event: 1547.828 GC heap before
{Heap before GC invocations=69 (full 0):
 PSYoungGen      total 31744K, used 31488K [0x000000076b380000, 0x000000076d380000, 0x00000007c0000000)
  eden space 31232K, 100% used [0x000000076b380000,0x000000076d200000,0x000000076d200000)
  from space 512K, 50% used [0x000000076d300000,0x000000076d340000,0x000000076d380000)
  to   space 512K, 0% used [0x000000076d280000,0x000000076d280000,0x000000076d300000)
 ParOldGen       total 175104K, used 5878K [0x00000006c1a00000, 0x00000006cc500000, 0x000000076b380000)
  object space 175104K, 3% used [0x00000006c1a00000,0x00000006c1fbd8e8,0x00000006cc500000)
 Metaspace       used 20145K, capacity 20423K, committed 20736K, reserved 1067008K
  class space    used 2467K, capacity 2544K, committed 2560K, reserved 1048576K
Event: 1547.829 GC heap after
Heap after GC invocations=69 (full 0):
 PSYoungGen      total 31744K, used 192K [0x000000076b380000, 0x000000076d380000, 0x00000007c0000000)
  eden space 31232K, 0% used [0x000000076b380000,0x000000076b380000,0x000000076d200000)
  from space 512K, 37% used [0x000000076d280000,0x000000076d2b0000,0x000000076d300000)
  to   space 512K, 0% used [0x000000076d300000,0x000000076d300000,0x000000076d380000)
 ParOldGen       total 175104K, used 5878K [0x00000006c1a00000, 0x00000006cc500000, 0x000000076b380000)
  object space 175104K, 3% used [0x00000006c1a00000,0x00000006c1fbd8e8,0x00000006cc500000)
 Metaspace       used 20145K, capacity 20423K, committed 20736K, reserved 1067008K
  class space    used 2467K, capacity 2544K, committed 2560K, reserved 1048576K
}

Deoptimization events (10 events):
Event: 6.794 Thread 0x000000001eff6000 Uncommon trap: reason=unstable_if action=reinterpret pc=0x0000000002e3f938 method=java.awt.EventQueue.coalesceMouseEvent(Ljava/awt/event/MouseEvent;)Z @ 12
Event: 7.110 Thread 0x000000001f2a3800 Uncommon trap: reason=unstable_if action=reinterpret pc=0x0000000002b3a224 method=de.projectsc.client.gui.terrain.TerrainModel.getHeightOfTerrain(FF)F @ 70
Event: 7.126 Thread 0x000000001f2a3800 Uncommon trap: reason=unstable_if action=reinterpret pc=0x0000000002b28118 method=de.projectsc.client.gui.terrain.TerrainModel.getHeightOfTerrain(FF)F @ 70
Event: 7.143 Thread 0x000000001f2a3800 Uncommon trap: reason=unstable_if action=reinterpret pc=0x0000000002b1a020 method=de.projectsc.client.gui.terrain.TerrainModel.getHeightOfTerrain(FF)F @ 70
Event: 7.326 Thread 0x000000001f2a3800 Uncommon trap: reason=unstable_if action=reinterpret pc=0x0000000002b402c4 method=de.projectsc.client.gui.terrain.TerrainModel.getHeightOfTerrain(FF)F @ 70
Event: 7.526 Thread 0x000000001f2a3800 Uncommon trap: reason=unstable_if action=reinterpret pc=0x0000000002c93074 method=java.util.ComparableTimSort.countRunAndMakeAscending([Ljava/lang/Object;II)I @ 71
Event: 9.722 Thread 0x000000001eff6000 Uncommon trap: reason=class_check action=maybe_recompile pc=0x0000000002d23d84 method=java.awt.Container.getMouseEventTargetImpl(IIZLjava/awt/Container$EventTargetFilter;ZZ)Ljava/awt/Component; @ 64
Event: 10.485 Thread 0x000000001eff6000 Uncommon trap: reason=unstable_if action=reinterpret pc=0x0000000002a97918 method=sun.java2d.SunGraphics2D.setColor(Ljava/awt/Color;)V @ 42
Event: 12.645 Thread 0x000000001f2a3800 Uncommon trap: reason=unstable_if action=reinterpret pc=0x0000000002ff2f20 method=java.util.ComparableTimSort.mergeLo(IIII)V @ 510
Event: 17.160 Thread 0x000000001f2a3800 Uncommon trap: reason=unstable_if action=reinterpret pc=0x0000000002e886f0 method=java.util.ComparableTimSort.countRunAndMakeAscending([Ljava/lang/Object;II)I @ 52

Internal exceptions (10 events):
Event: 0.109 Thread 0x000000000246e000 Exception <a 'java/lang/ClassNotFoundException': java/lang/ObjectCustomizer> (0x000000076b8cc288) thrown at [C:\re\workspace\8-2-build-windows-amd64-cygwin\jdk8u51\3951\hotspot\src\share\vm\classfile\systemDictionary.cpp, line 210]
Event: 0.110 Thread 0x000000000246e000 Exception <a 'java/lang/ArrayIndexOutOfBoundsException': 18> (0x000000076b8ceaf8) thrown at [C:\re\workspace\8-2-build-windows-amd64-cygwin\jdk8u51\3951\hotspot\src\share\vm\interpreter\interpreterRuntime.cpp, line 366]
Event: 0.110 Thread 0x000000000246e000 Exception <a 'java/lang/ArrayIndexOutOfBoundsException': 22> (0x000000076b8d1e10) thrown at [C:\re\workspace\8-2-build-windows-amd64-cygwin\jdk8u51\3951\hotspot\src\share\vm\interpreter\interpreterRuntime.cpp, line 366]
Event: 0.111 Thread 0x000000000246e000 Exception <a 'java/lang/ArrayIndexOutOfBoundsException': 160> (0x000000076b8d41b0) thrown at [C:\re\workspace\8-2-build-windows-amd64-cygwin\jdk8u51\3951\hotspot\src\share\vm\interpreter\interpreterRuntime.cpp, line 366]
Event: 0.112 Thread 0x000000000246e000 Exception <a 'java/lang/ClassNotFoundException': org/apache/log4j/LayoutCustomizer> (0x000000076b8ddfd0) thrown at [C:\re\workspace\8-2-build-windows-amd64-cygwin\jdk8u51\3951\hotspot\src\share\vm\classfile\systemDictionary.cpp, line 210]
Event: 0.113 Thread 0x000000000246e000 Exception <a 'java/lang/ClassNotFoundException': org/apache/log4j/PatternLayoutCustomizer> (0x000000076b8f4d10) thrown at [C:\re\workspace\8-2-build-windows-amd64-cygwin\jdk8u51\3951\hotspot\src\share\vm\classfile\systemDictionary.cpp, line 210]
Event: 0.142 Thread 0x000000000246e000 Exception <a 'java/lang/NoSuchFieldError': method resolution failed> (0x000000076b9ee360) thrown at [C:\re\workspace\8-2-build-windows-amd64-cygwin\jdk8u51\3951\hotspot\src\share\vm\prims\methodHandles.cpp, line 1125]
Event: 0.143 Thread 0x000000000246e000 Exception <a 'java/lang/NoSuchFieldError': method resolution failed> (0x000000076b9fccf0) thrown at [C:\re\workspace\8-2-build-windows-amd64-cygwin\jdk8u51\3951\hotspot\src\share\vm\prims\methodHandles.cpp, line 1125]
Event: 0.163 Thread 0x000000001eff6000 Exception <a 'java/io/FileNotFoundException'> (0x000000076bc8ede0) thrown at [C:\re\workspace\8-2-build-windows-amd64-cygwin\jdk8u51\3951\hotspot\src\share\vm\prims\jni.cpp, line 709]
Event: 6.794 Thread 0x000000001eff6000 Implicit null exception at 0x0000000002e3c73b to 0x0000000002e3f8f5

Events (10 events):
Event: 1479.914 Executing VM operation: ParallelGCFailedAllocation
Event: 1479.916 Executing VM operation: ParallelGCFailedAllocation done
Event: 1493.126 Executing VM operation: ParallelGCFailedAllocation
Event: 1493.128 Executing VM operation: ParallelGCFailedAllocation done
Event: 1508.599 Executing VM operation: ParallelGCFailedAllocation
Event: 1508.601 Executing VM operation: ParallelGCFailedAllocation done
Event: 1527.134 Executing VM operation: ParallelGCFailedAllocation
Event: 1527.135 Executing VM operation: ParallelGCFailedAllocation done
Event: 1547.828 Executing VM operation: ParallelGCFailedAllocation
Event: 1547.829 Executing VM operation: ParallelGCFailedAllocation done


Dynamic libraries:
0x00007ff74fe10000 - 0x00007ff74fe47000 	C:\Program Files\Java\jre1.8.0_51\bin\javaw.exe
0x00007ffb7a020000 - 0x00007ffb7a1e1000 	C:\WINDOWS\SYSTEM32\ntdll.dll
0x00007ffb777d0000 - 0x00007ffb7787d000 	C:\WINDOWS\system32\KERNEL32.DLL
0x00007ffb771d0000 - 0x00007ffb773ad000 	C:\WINDOWS\system32\KERNELBASE.dll
0x00007ffb79480000 - 0x00007ffb79526000 	C:\WINDOWS\system32\ADVAPI32.dll
0x00007ffb79020000 - 0x00007ffb790bd000 	C:\WINDOWS\system32\msvcrt.dll
0x00007ffb78ef0000 - 0x00007ffb78f4b000 	C:\WINDOWS\system32\sechost.dll
0x00007ffb78dc0000 - 0x00007ffb78ee6000 	C:\WINDOWS\system32\RPCRT4.dll
0x00007ffb795a0000 - 0x00007ffb796ee000 	C:\WINDOWS\system32\USER32.dll
0x00007ffb79210000 - 0x00007ffb79396000 	C:\WINDOWS\system32\GDI32.dll
0x00007ffb68240000 - 0x00007ffb684b4000 	C:\WINDOWS\WinSxS\amd64_microsoft.windows.common-controls_6595b64144ccf1df_6.0.10240.16384_none_f41f7b285750ef43\COMCTL32.dll
0x00007ffb79a80000 - 0x00007ffb79ab6000 	C:\WINDOWS\system32\IMM32.DLL
0x00007ffb796f0000 - 0x00007ffb7984c000 	C:\WINDOWS\system32\MSCTF.dll
0x000000006aa00000 - 0x000000006aad2000 	C:\Program Files\Java\jre1.8.0_51\bin\msvcr100.dll
0x000000006def0000 - 0x000000006e773000 	C:\Program Files\Java\jre1.8.0_51\bin\server\jvm.dll
0x00007ffb79010000 - 0x00007ffb79018000 	C:\WINDOWS\system32\PSAPI.DLL
0x00007ffb53d10000 - 0x00007ffb53d19000 	C:\WINDOWS\SYSTEM32\WSOCK32.dll
0x00007ffb74dc0000 - 0x00007ffb74de3000 	C:\WINDOWS\SYSTEM32\WINMM.dll
0x00007ffb73260000 - 0x00007ffb7326a000 	C:\WINDOWS\SYSTEM32\VERSION.dll
0x00007ffb79850000 - 0x00007ffb798b9000 	C:\WINDOWS\system32\WS2_32.dll
0x00007ffb74d60000 - 0x00007ffb74d8c000 	C:\WINDOWS\SYSTEM32\WINMMBASE.dll
0x00007ffb77880000 - 0x00007ffb77888000 	C:\WINDOWS\system32\NSI.dll
0x00007ffb77410000 - 0x00007ffb77454000 	C:\WINDOWS\system32\cfgmgr32.dll
0x00007ffb753c0000 - 0x00007ffb753e7000 	C:\WINDOWS\SYSTEM32\DEVOBJ.dll
0x000000006f2a0000 - 0x000000006f2af000 	C:\Program Files\Java\jre1.8.0_51\bin\verify.dll
0x000000006dec0000 - 0x000000006dee9000 	C:\Program Files\Java\jre1.8.0_51\bin\java.dll
0x000000006dea0000 - 0x000000006deb6000 	C:\Program Files\Java\jre1.8.0_51\bin\zip.dll
0x00007ffb77890000 - 0x00007ffb78db1000 	C:\WINDOWS\system32\SHELL32.dll
0x00007ffb76af0000 - 0x00007ffb77119000 	C:\WINDOWS\system32\windows.storage.dll
0x00007ffb79cf0000 - 0x00007ffb79f6c000 	C:\WINDOWS\system32\combase.dll
0x00007ffb77710000 - 0x00007ffb77761000 	C:\WINDOWS\system32\shlwapi.dll
0x00007ffb76ae0000 - 0x00007ffb76aef000 	C:\WINDOWS\system32\kernel.appcore.dll
0x00007ffb77630000 - 0x00007ffb776e3000 	C:\WINDOWS\system32\shcore.dll
0x00007ffb76a50000 - 0x00007ffb76a9a000 	C:\WINDOWS\system32\powrprof.dll
0x00007ffb76aa0000 - 0x00007ffb76ab3000 	C:\WINDOWS\system32\profapi.dll
0x000000006a860000 - 0x000000006a9f8000 	C:\Program Files\Java\jre1.8.0_51\bin\awt.dll
0x00007ffb78f50000 - 0x00007ffb7900e000 	C:\WINDOWS\system32\OLEAUT32.dll
0x00007ffb750f0000 - 0x00007ffb75168000 	C:\WINDOWS\system32\apphelp.dll
0x00007ffb75270000 - 0x00007ffb75306000 	C:\WINDOWS\system32\uxtheme.dll
0x00007ffb6b200000 - 0x00007ffb6b222000 	C:\Program Files\NVIDIA Corporation\Display\NvSmartMax64.dll
0x00007ffb75de0000 - 0x00007ffb75e12000 	C:\WINDOWS\SYSTEM32\ntmarta.dll
0x00007ffb74310000 - 0x00007ffb74332000 	C:\WINDOWS\system32\dwmapi.dll
0x00007ffb790c0000 - 0x00007ffb79201000 	C:\WINDOWS\system32\ole32.dll
0x00007ffb768a0000 - 0x00007ffb7690b000 	C:\WINDOWS\SYSTEM32\bcryptPrimitives.dll
0x00007ffb62880000 - 0x00007ffb62a90000 	C:\WINDOWS\system32\d3d9.dll
0x00007ffb54f40000 - 0x00007ffb55e22000 	C:\WINDOWS\SYSTEM32\nvd3dumx.dll
0x0000000180000000 - 0x00000001801a7000 	C:\WINDOWS\system32\nvspcap64.dll
0x00007ffb79b20000 - 0x00007ffb79ce5000 	C:\WINDOWS\system32\SETUPAPI.dll
0x00007ffb739f0000 - 0x00007ffb73ac6000 	C:\WINDOWS\SYSTEM32\WINHTTP.dll
0x00007ffb57c00000 - 0x00007ffb57f76000 	C:\WINDOWS\system32\nvapi64.dll
0x00007ffb766a0000 - 0x00007ffb766cc000 	C:\WINDOWS\SYSTEM32\SspiCli.dll
0x00007ffb58460000 - 0x00007ffb585c1000 	C:\Program Files (x86)\NVIDIA Corporation\3D Vision\nvSCPAPI64.dll
0x000000006a810000 - 0x000000006a857000 	C:\Program Files\Java\jre1.8.0_51\bin\fontmanager.dll
0x000000006de80000 - 0x000000006de9a000 	C:\Program Files\Java\jre1.8.0_51\bin\net.dll
0x00007ffb762b0000 - 0x00007ffb7630d000 	C:\WINDOWS\system32\mswsock.dll
0x000000006de60000 - 0x000000006de71000 	C:\Program Files\Java\jre1.8.0_51\bin\nio.dll
0x000000006a7c0000 - 0x000000006a802000 	C:\Program Files\Java\jre1.8.0_51\bin\t2k.dll
0x00007ffb79f70000 - 0x00007ffb7a015000 	C:\WINDOWS\system32\clbcatq.dll
0x00007ffb6b5c0000 - 0x00007ffb6b772000 	C:\WINDOWS\SYSTEM32\WindowsCodecs.dll
0x00007ffb76590000 - 0x00007ffb765b8000 	C:\WINDOWS\SYSTEM32\bcrypt.dll
0x00007ffb76310000 - 0x00007ffb76327000 	C:\WINDOWS\SYSTEM32\cryptsp.dll
0x00007ffb76060000 - 0x00007ffb76093000 	C:\WINDOWS\system32\rsaenh.dll
0x00007ffb764b0000 - 0x00007ffb764bb000 	C:\WINDOWS\SYSTEM32\CRYPTBASE.dll
0x00007ffb6e4d0000 - 0x00007ffb6e516000 	C:\WINDOWS\system32\dataexchange.dll
0x00007ffb6e590000 - 0x00007ffb6ead5000 	C:\WINDOWS\system32\d2d1.dll
0x00007ffb73ff0000 - 0x00007ffb74293000 	C:\WINDOWS\system32\d3d11.dll
0x00007ffb74c80000 - 0x00007ffb74d51000 	C:\WINDOWS\system32\dcomp.dll
0x00007ffb73ed0000 - 0x00007ffb73f6c000 	C:\WINDOWS\system32\dxgi.dll
0x00007ffb75410000 - 0x00007ffb754fe000 	C:\WINDOWS\system32\twinapi.appcore.dll
0x00007ffb75f70000 - 0x00007ffb75f8f000 	C:\WINDOWS\system32\USERENV.dll
0x0000000026be0000 - 0x0000000026c33000 	E:\Programmierung\Horreum\ProjectSCRepo\lib\lwjgl\native\windows\lwjgl64.dll
0x00007ffb61bf0000 - 0x00007ffb61d18000 	C:\WINDOWS\SYSTEM32\OPENGL32.dll
0x00007ffb6d080000 - 0x00007ffb6d0ae000 	C:\WINDOWS\SYSTEM32\GLU32.dll
0x00007ffb68140000 - 0x00007ffb68236000 	C:\WINDOWS\SYSTEM32\DDRAW.dll
0x00007ffb70890000 - 0x00007ffb70898000 	C:\WINDOWS\SYSTEM32\DCIMAN32.dll
0x000000006de20000 - 0x000000006de27000 	C:\Program Files\Java\jre1.8.0_51\bin\jawt.dll
0x000000006aae0000 - 0x000000006c092000 	C:\WINDOWS\SYSTEM32\nvoglv64.DLL
0x00007ffb74df0000 - 0x00007ffb74e03000 	C:\WINDOWS\SYSTEM32\WTSAPI32.dll
0x00007ffb773b0000 - 0x00007ffb77404000 	C:\WINDOWS\system32\WINTRUST.dll
0x00007ffb76ac0000 - 0x00007ffb76ad1000 	C:\WINDOWS\system32\MSASN1.dll
0x00007ffb77460000 - 0x00007ffb77621000 	C:\WINDOWS\system32\CRYPT32.dll
0x00007ffb75ad0000 - 0x00007ffb75b28000 	C:\WINDOWS\SYSTEM32\WINSTA.dll
0x00007ffb60020000 - 0x00007ffb600ca000 	C:\WINDOWS\WinSxS\amd64_microsoft.windows.common-controls_6595b64144ccf1df_5.82.10240.16384_none_0212ec7eba871e86\comctl32.dll
0x00007ffb743e0000 - 0x00007ffb74563000 	C:\WINDOWS\SYSTEM32\PROPSYS.dll
0x00007ffb6dbb0000 - 0x00007ffb6e01a000 	C:\Windows\System32\ActXPrxy.dll
0x00007ffb62c50000 - 0x00007ffb62df2000 	C:\WINDOWS\system32\NetworkExplorer.dll
0x00007ffb75ca0000 - 0x00007ffb75cbc000 	C:\WINDOWS\SYSTEM32\MPR.dll
0x00007ffb73010000 - 0x00007ffb7301b000 	C:\WINDOWS\System32\drprov.dll
0x00007ffb72f60000 - 0x00007ffb72f76000 	C:\WINDOWS\System32\ntlanman.dll
0x00007ffb72f40000 - 0x00007ffb72f60000 	C:\WINDOWS\System32\davclnt.dll
0x00007ffb72ff0000 - 0x00007ffb72ffc000 	C:\WINDOWS\System32\DAVHLPR.dll
0x00007ffb72930000 - 0x00007ffb72946000 	C:\WINDOWS\System32\wkscli.dll
0x00007ffb6bf00000 - 0x00007ffb6bf12000 	C:\WINDOWS\SYSTEM32\cscapi.dll
0x00007ffb75c60000 - 0x00007ffb75c6c000 	C:\WINDOWS\System32\netutils.dll
0x00007ffb70130000 - 0x00007ffb701af000 	C:\Windows\System32\dlnashext.dll
0x00007ffb70c90000 - 0x00007ffb70d01000 	C:\Windows\System32\PlayToDevice.dll
0x00007ffb6a180000 - 0x00007ffb6a19e000 	C:\Windows\System32\DevDispItemProvider.dll
0x00007ffb58c00000 - 0x00007ffb58e03000 	C:\WINDOWS\system32\wpdshext.dll
0x00007ffb70fb0000 - 0x00007ffb71159000 	C:\WINDOWS\WinSxS\amd64_microsoft.windows.gdiplus_6595b64144ccf1df_1.1.10240.16384_none_89a94c179af51f83\gdiplus.dll
0x00007ffb74fa0000 - 0x00007ffb75041000 	C:\Windows\System32\PortableDeviceApi.dll
0x00007ffb70a10000 - 0x00007ffb70a47000 	C:\Windows\System32\EhStorShell.dll
0x00007ffb70790000 - 0x00007ffb707b6000 	C:\Windows\System32\EhStorAPI.dll
0x00007ffb62e00000 - 0x00007ffb62e0d000 	C:\WINDOWS\SYSTEM32\LINKINFO.dll
0x00007ffb6cb70000 - 0x00007ffb6cd06000 	C:\WINDOWS\SYSTEM32\urlmon.dll
0x00007ffb6c780000 - 0x00007ffb6caf6000 	C:\WINDOWS\SYSTEM32\iertutil.dll
0x00007ffb735e0000 - 0x00007ffb7376a000 	C:\WINDOWS\SYSTEM32\dbghelp.dll

VM Arguments:
jvm_args: -Djava.library.path=E:\Programmierung\Horreum\ProjectSCRepo\lib\lwjgl\native\windows -Dfile.encoding=Cp1252 
java_command: de.projectsc.EntityEditor
java_class_path (initial): E:\Programmierung\Horreum\ProjectSCRepo\bin;E:\Programmierung\Horreum\ProjectSCRepo\project_resources\log4j-1.2.17.jar;E:\Programmierung\Horreum\ProjectSCRepo\project_resources\commons-logging-1.2\commons-logging-1.2-javadoc.jar;E:\Programmierung\Horreum\ProjectSCRepo\project_resources\commons-logging-1.2\commons-logging-1.2.jar;E:\Programmierung\Horreum\ProjectSCRepo\lib\lwjgl\jar\AppleJavaExtensions.jar;E:\Programmierung\Horreum\ProjectSCRepo\lib\lwjgl\jar\jinput.jar;E:\Programmierung\Horreum\ProjectSCRepo\lib\lwjgl\jar\laf-plugin-7.2.1.jar;E:\Programmierung\Horreum\ProjectSCRepo\lib\lwjgl\jar\laf-widget-7.2.1.jar;E:\Programmierung\Horreum\ProjectSCRepo\lib\lwjgl\jar\log4j-api-2.0-beta9.jar;E:\Programmierung\Horreum\ProjectSCRepo\lib\lwjgl\jar\lwjgl_test.jar;E:\Programmierung\Horreum\ProjectSCRepo\lib\lwjgl\jar\lwjgl_util_applet.jar;E:\Programmierung\Horreum\ProjectSCRepo\lib\lwjgl\jar\lwjgl_util.jar;E:\Programmierung\Horreum\ProjectSCRepo\lib\lwjgl\jar\lwjgl-debug.jar;E:\Programmierung\Horreum\ProjectSCRepo\lib\lwjgl\jar\lwjgl.jar;E:\Programmierung\Horreum\ProjectSCRepo\lib\lwjgl\jar\lzma.jar;E:\Programmierung\Horreum\ProjectSCRepo\lib\lwjgl\jar\substance-7.2.1.jar;E:\Programmierung\Horreum\ProjectSCRepo\lib\lwjgl\jar\trident-7.2.1.jar;E:\Programmierung\Horreum\ProjectSCRepo\lib\commons-io-2.4.jar;E:\Programmierung\Horreum\ProjectSCRepo\lib\slick-util\lib\slick-util.jar;E:\Programmierung\Horreum\ProjectSCRepo\lib\PNGDecoder.jar;E:\Programmierung\Horreum\ProjectSCRepo\lib\jackson-core-2.5.4.jar;E:\Programmierung\Horreum\ProjectSCRepo\lib\jackson-databind-2.2.4.jar;E:\Programmierung\Horreum\ProjectSCRepo\lib\jackson-core-lgpl-1.9.13.jar;E:\Programmierung\Horreum\ProjectSCRepo\lib\jackson-mapper-asl-1.9.0.jar;E:\Programmierung\Horreum\ProjectSCRepo\lib\EasyFlow-1.3.jar;E:\Programmierung\Horreum\ProjectSCRepo\lib\slf4j-simple-1.7.12.jar;E:\Programmierung\Horreum\ProjectSCRepo\lib\slf4j-api-1.7.12.jar;E:\Programmierung\Horreum\ProjectSCRep
Launcher Type: SUN_STANDARD

Environment Variables:
PATH=C:/Program Files/Java/jre1.8.0_51/bin/server;C:/Program Files/Java/jre1.8.0_51/bin;C:/Program Files/Java/jre1.8.0_51/lib/amd64;C:\ProgramData\Oracle\Java\javapath;C:\Program Files (x86)\Intel\iCLS Client\;C:\Program Files\Intel\iCLS Client\;C:\Windows\system32;C:\Windows;C:\Windows\System32\Wbem;C:\Windows\System32\WindowsPowerShell\v1.0\;C:\Program Files\Intel\Intel(R) Management Engine Components\DAL;C:\Program Files (x86)\Intel\Intel(R) Management Engine Components\DAL;C:\Program Files\Intel\Intel(R) Management Engine Components\IPT;C:\Program Files (x86)\Intel\Intel(R) Management Engine Components\IPT;E:\Programmierung\Git\bin;C:\Program Files (x86)\NVIDIA Corporation\PhysX\Common;%SystemRoot%\system32;%SystemRoot%;%SystemRoot%\System32\Wbem;%SYSTEMROOT%\System32\WindowsPowerShell\v1.0\;E:\Programmierung\eclipse;
USERNAME=Josch
OS=Windows_NT
PROCESSOR_IDENTIFIER=Intel64 Family 6 Model 60 Stepping 3, GenuineIntel



---------------  S Y S T E M  ---------------

OS: Windows 10.0 , 64 bit Build 10240 (10.0.10240.16384)

CPU:total 8 (4 cores per cpu, 2 threads per core) family 6 model 60 stepping 3, cmov, cx8, fxsr, mmx, sse, sse2, sse3, ssse3, sse4.1, sse4.2, popcnt, avx, avx2, aes, clmul, erms, lzcnt, ht, tsc, tscinvbit, bmi1, bmi2

Memory: 4k page, physical 16664188k(8880772k free), swap 19154556k(6675016k free)

vm_info: Java HotSpot(TM) 64-Bit Server VM (25.51-b03) for windows-amd64 JRE (1.8.0_51-b16), built on Jun  8 2015 18:03:07 by "java_re" with MS VC++ 10.0 (VS2010)

time: Sat Aug 15 12:05:45 2015
elapsed time: 1563 seconds (0d 0h 26m 3s)

